2019-08-17 10:57:21.943  INFO 5945 --- [main] com.bridgelabz.fundoo.FundooApplication  : Starting FundooApplication on admin1-desktop with PID 5945 (/home/admin1/Documents/FundooAPI/target/classes started by admin1 in /home/admin1/Documents/FundooAPI)
2019-08-17 10:57:21.962  INFO 5945 --- [main] com.bridgelabz.fundoo.FundooApplication  : No active profile set, falling back to default profiles: default
2019-08-17 10:57:22.861  INFO 5945 --- [main] .s.d.r.c.RepositoryConfigurationDelegate : Bootstrapping Spring Data repositories in DEFAULT mode.
2019-08-17 10:57:22.923  INFO 5945 --- [main] .s.d.r.c.RepositoryConfigurationDelegate : Finished Spring Data repository scanning in 57ms. Found 3 repository interfaces.
2019-08-17 10:57:23.125  INFO 5945 --- [main] trationDelegate$BeanPostProcessorChecker : Bean 'org.springframework.transaction.annotation.ProxyTransactionManagementConfiguration' of type [org.springframework.transaction.annotation.ProxyTransactionManagementConfiguration$$EnhancerBySpringCGLIB$$eac92c83] is not eligible for getting processed by all BeanPostProcessors (for example: not eligible for auto-proxying)
2019-08-17 10:57:23.270  INFO 5945 --- [main] o.s.b.w.embedded.tomcat.TomcatWebServer  : Tomcat initialized with port(s): 8080 (http)
2019-08-17 10:57:23.285  INFO 5945 --- [main] o.apache.catalina.core.StandardService   : Starting service [Tomcat]
2019-08-17 10:57:23.285  INFO 5945 --- [main] org.apache.catalina.core.StandardEngine  : Starting Servlet engine: [Apache Tomcat/9.0.21]
2019-08-17 10:57:23.375  INFO 5945 --- [main] o.a.c.c.C.[Tomcat].[localhost].[/]       : Initializing Spring embedded WebApplicationContext
2019-08-17 10:57:23.376  INFO 5945 --- [main] o.s.web.context.ContextLoader            : Root WebApplicationContext: initialization completed in 1379 ms
2019-08-17 10:57:23.483  INFO 5945 --- [main] com.zaxxer.hikari.HikariDataSource       : HikariPool-1 - Starting...
2019-08-17 10:57:23.687  INFO 5945 --- [main] com.zaxxer.hikari.HikariDataSource       : HikariPool-1 - Start completed.
2019-08-17 10:57:23.714  INFO 5945 --- [main] o.hibernate.jpa.internal.util.LogHelper  : HHH000204: Processing PersistenceUnitInfo [
	name: default
	...]
2019-08-17 10:57:23.744  INFO 5945 --- [main] org.hibernate.Version                    : HHH000412: Hibernate Core {5.3.10.Final}
2019-08-17 10:57:23.745  INFO 5945 --- [main] org.hibernate.cfg.Environment            : HHH000206: hibernate.properties not found
2019-08-17 10:57:23.836  INFO 5945 --- [main] o.hibernate.annotations.common.Version   : HCANN000001: Hibernate Commons Annotations {5.0.4.Final}
2019-08-17 10:57:23.915  INFO 5945 --- [main] org.hibernate.dialect.Dialect            : HHH000400: Using dialect: org.hibernate.dialect.MySQL55Dialect
2019-08-17 10:57:26.675  INFO 5945 --- [main] j.LocalContainerEntityManagerFactoryBean : Initialized JPA EntityManagerFactory for persistence unit 'default'
2019-08-17 10:57:26.931  INFO 5945 --- [main] f.a.AutowiredAnnotationBeanPostProcessor : Autowired annotation is not supported on static fields: private static org.springframework.mail.SimpleMailMessage com.bridgelabz.fundoo.utility.Utility.simpleMailMessage
2019-08-17 10:57:27.062  WARN 5945 --- [main] aWebConfiguration$JpaWebMvcConfiguration : spring.jpa.open-in-view is enabled by default. Therefore, database queries may be performed during view rendering. Explicitly configure spring.jpa.open-in-view to disable this warning
2019-08-17 10:57:27.149  INFO 5945 --- [main] pertySourcedRequestMappingHandlerMapping : Mapped URL path [/v2/api-docs] onto method [public org.springframework.http.ResponseEntity<springfox.documentation.spring.web.json.Json> springfox.documentation.swagger2.web.Swagger2Controller.getDocumentation(java.lang.String,javax.servlet.http.HttpServletRequest)]
2019-08-17 10:57:27.237  INFO 5945 --- [main] o.s.s.concurrent.ThreadPoolTaskExecutor  : Initializing ExecutorService 'applicationTaskExecutor'
2019-08-17 10:57:27.354  INFO 5945 --- [main] d.s.w.p.DocumentationPluginsBootstrapper : Context refreshed
2019-08-17 10:57:27.363  INFO 5945 --- [main] d.s.w.p.DocumentationPluginsBootstrapper : Found 1 custom documentation plugin(s)
2019-08-17 10:57:27.380  INFO 5945 --- [main] s.d.s.w.s.ApiListingReferenceScanner     : Scanning for api listing references
2019-08-17 10:57:27.542  INFO 5945 --- [main] o.s.b.w.embedded.tomcat.TomcatWebServer  : Tomcat started on port(s): 8080 (http) with context path ''
2019-08-17 10:57:27.545  INFO 5945 --- [main] com.bridgelabz.fundoo.FundooApplication  : Started FundooApplication in 5.776 seconds (JVM running for 6.425)
2019-08-17 11:11:04.375  INFO 5945 --- [http-nio-8080-exec-1] o.a.c.c.C.[Tomcat].[localhost].[/]       : Initializing Spring DispatcherServlet 'dispatcherServlet'
2019-08-17 11:11:04.377  INFO 5945 --- [http-nio-8080-exec-1] o.s.web.servlet.DispatcherServlet        : Initializing Servlet 'dispatcherServlet'
2019-08-17 11:11:04.384  INFO 5945 --- [http-nio-8080-exec-1] o.s.web.servlet.DispatcherServlet        : Completed initialization in 7 ms
2019-08-17 11:54:13.301  INFO 5945 --- [RMI TCP Connection(2)-127.0.0.1] inMXBeanRegistrar$SpringApplicationAdmin : Application shutdown requested.
2019-08-17 11:54:13.306  INFO 5945 --- [RMI TCP Connection(2)-127.0.0.1] o.s.s.concurrent.ThreadPoolTaskExecutor  : Shutting down ExecutorService 'applicationTaskExecutor'
2019-08-17 11:54:13.308  INFO 5945 --- [RMI TCP Connection(2)-127.0.0.1] j.LocalContainerEntityManagerFactoryBean : Closing JPA EntityManagerFactory for persistence unit 'default'
2019-08-17 11:54:13.310  INFO 5945 --- [RMI TCP Connection(2)-127.0.0.1] com.zaxxer.hikari.HikariDataSource       : HikariPool-1 - Shutdown initiated...
2019-08-17 11:54:13.315  INFO 5945 --- [RMI TCP Connection(2)-127.0.0.1] com.zaxxer.hikari.HikariDataSource       : HikariPool-1 - Shutdown completed.
2019-08-17 11:54:16.780  INFO 6739 --- [main] com.bridgelabz.fundoo.FundooApplication  : Starting FundooApplication on admin1-desktop with PID 6739 (/home/admin1/Documents/FundooAPI/target/classes started by admin1 in /home/admin1/Documents/FundooAPI)
2019-08-17 11:54:16.782  INFO 6739 --- [main] com.bridgelabz.fundoo.FundooApplication  : No active profile set, falling back to default profiles: default
2019-08-17 11:54:17.394  INFO 6739 --- [main] .s.d.r.c.RepositoryConfigurationDelegate : Bootstrapping Spring Data repositories in DEFAULT mode.
2019-08-17 11:54:17.440  INFO 6739 --- [main] .s.d.r.c.RepositoryConfigurationDelegate : Finished Spring Data repository scanning in 40ms. Found 3 repository interfaces.
2019-08-17 11:54:17.647  INFO 6739 --- [main] trationDelegate$BeanPostProcessorChecker : Bean 'org.springframework.transaction.annotation.ProxyTransactionManagementConfiguration' of type [org.springframework.transaction.annotation.ProxyTransactionManagementConfiguration$$EnhancerBySpringCGLIB$$b6743fd4] is not eligible for getting processed by all BeanPostProcessors (for example: not eligible for auto-proxying)
2019-08-17 11:54:17.798  INFO 6739 --- [main] o.s.b.w.embedded.tomcat.TomcatWebServer  : Tomcat initialized with port(s): 8080 (http)
2019-08-17 11:54:17.814  INFO 6739 --- [main] o.apache.catalina.core.StandardService   : Starting service [Tomcat]
2019-08-17 11:54:17.815  INFO 6739 --- [main] org.apache.catalina.core.StandardEngine  : Starting Servlet engine: [Apache Tomcat/9.0.21]
2019-08-17 11:54:17.898  INFO 6739 --- [main] o.a.c.c.C.[Tomcat].[localhost].[/]       : Initializing Spring embedded WebApplicationContext
2019-08-17 11:54:17.898  INFO 6739 --- [main] o.s.web.context.ContextLoader            : Root WebApplicationContext: initialization completed in 1089 ms
2019-08-17 11:54:18.005  INFO 6739 --- [main] com.zaxxer.hikari.HikariDataSource       : HikariPool-1 - Starting...
2019-08-17 11:54:18.075  INFO 6739 --- [main] com.zaxxer.hikari.HikariDataSource       : HikariPool-1 - Start completed.
2019-08-17 11:54:18.101  INFO 6739 --- [main] o.hibernate.jpa.internal.util.LogHelper  : HHH000204: Processing PersistenceUnitInfo [
	name: default
	...]
2019-08-17 11:54:18.130  INFO 6739 --- [main] org.hibernate.Version                    : HHH000412: Hibernate Core {5.3.10.Final}
2019-08-17 11:54:18.131  INFO 6739 --- [main] org.hibernate.cfg.Environment            : HHH000206: hibernate.properties not found
2019-08-17 11:54:18.196  INFO 6739 --- [main] o.hibernate.annotations.common.Version   : HCANN000001: Hibernate Commons Annotations {5.0.4.Final}
2019-08-17 11:54:18.291  INFO 6739 --- [main] org.hibernate.dialect.Dialect            : HHH000400: Using dialect: org.hibernate.dialect.MySQL55Dialect
2019-08-17 11:54:18.707  INFO 6739 --- [main] j.LocalContainerEntityManagerFactoryBean : Initialized JPA EntityManagerFactory for persistence unit 'default'
2019-08-17 11:54:18.962  INFO 6739 --- [main] f.a.AutowiredAnnotationBeanPostProcessor : Autowired annotation is not supported on static fields: private static org.springframework.mail.SimpleMailMessage com.bridgelabz.fundoo.utility.Utility.simpleMailMessage
2019-08-17 11:54:19.130  WARN 6739 --- [main] aWebConfiguration$JpaWebMvcConfiguration : spring.jpa.open-in-view is enabled by default. Therefore, database queries may be performed during view rendering. Explicitly configure spring.jpa.open-in-view to disable this warning
2019-08-17 11:54:19.215  INFO 6739 --- [main] pertySourcedRequestMappingHandlerMapping : Mapped URL path [/v2/api-docs] onto method [public org.springframework.http.ResponseEntity<springfox.documentation.spring.web.json.Json> springfox.documentation.swagger2.web.Swagger2Controller.getDocumentation(java.lang.String,javax.servlet.http.HttpServletRequest)]
2019-08-17 11:54:19.307  INFO 6739 --- [main] o.s.s.concurrent.ThreadPoolTaskExecutor  : Initializing ExecutorService 'applicationTaskExecutor'
2019-08-17 11:54:19.429  INFO 6739 --- [main] d.s.w.p.DocumentationPluginsBootstrapper : Context refreshed
2019-08-17 11:54:19.440  INFO 6739 --- [main] d.s.w.p.DocumentationPluginsBootstrapper : Found 1 custom documentation plugin(s)
2019-08-17 11:54:19.458  INFO 6739 --- [main] s.d.s.w.s.ApiListingReferenceScanner     : Scanning for api listing references
2019-08-17 11:54:19.608  INFO 6739 --- [main] o.s.b.w.embedded.tomcat.TomcatWebServer  : Tomcat started on port(s): 8080 (http) with context path ''
2019-08-17 11:54:19.611  INFO 6739 --- [main] com.bridgelabz.fundoo.FundooApplication  : Started FundooApplication in 3.021 seconds (JVM running for 3.374)
2019-08-17 11:54:36.589  INFO 6739 --- [http-nio-8080-exec-1] o.a.c.c.C.[Tomcat].[localhost].[/]       : Initializing Spring DispatcherServlet 'dispatcherServlet'
2019-08-17 11:54:36.590  INFO 6739 --- [http-nio-8080-exec-1] o.s.web.servlet.DispatcherServlet        : Initializing Servlet 'dispatcherServlet'
2019-08-17 11:54:36.596  INFO 6739 --- [http-nio-8080-exec-1] o.s.web.servlet.DispatcherServlet        : Completed initialization in 6 ms
2019-08-17 11:56:41.223  INFO 6739 --- [http-nio-8080-exec-1] o.h.h.i.QueryTranslatorFactoryInitiator  : HHH000397: Using ASTQueryTranslatorFactory
2019-08-17 13:21:17.346  INFO 6739 --- [RMI TCP Connection(2)-127.0.0.1] inMXBeanRegistrar$SpringApplicationAdmin : Application shutdown requested.
2019-08-17 13:21:17.348  INFO 6739 --- [RMI TCP Connection(2)-127.0.0.1] o.s.s.concurrent.ThreadPoolTaskExecutor  : Shutting down ExecutorService 'applicationTaskExecutor'
2019-08-17 13:21:17.350  INFO 6739 --- [RMI TCP Connection(2)-127.0.0.1] j.LocalContainerEntityManagerFactoryBean : Closing JPA EntityManagerFactory for persistence unit 'default'
2019-08-17 13:21:17.352  INFO 6739 --- [RMI TCP Connection(2)-127.0.0.1] com.zaxxer.hikari.HikariDataSource       : HikariPool-1 - Shutdown initiated...
2019-08-17 13:21:17.356  INFO 6739 --- [RMI TCP Connection(2)-127.0.0.1] com.zaxxer.hikari.HikariDataSource       : HikariPool-1 - Shutdown completed.
2019-08-17 13:21:24.399  INFO 8466 --- [main] com.bridgelabz.fundoo.FundooApplication  : Starting FundooApplication on admin1-desktop with PID 8466 (/home/admin1/Documents/FundooAPI/target/classes started by admin1 in /home/admin1/Documents/FundooAPI)
2019-08-17 13:21:24.400  INFO 8466 --- [main] com.bridgelabz.fundoo.FundooApplication  : No active profile set, falling back to default profiles: default
2019-08-17 13:21:24.954  INFO 8466 --- [main] .s.d.r.c.RepositoryConfigurationDelegate : Bootstrapping Spring Data repositories in DEFAULT mode.
2019-08-17 13:21:24.994  INFO 8466 --- [main] .s.d.r.c.RepositoryConfigurationDelegate : Finished Spring Data repository scanning in 37ms. Found 3 repository interfaces.
2019-08-17 13:21:25.196  INFO 8466 --- [main] trationDelegate$BeanPostProcessorChecker : Bean 'org.springframework.transaction.annotation.ProxyTransactionManagementConfiguration' of type [org.springframework.transaction.annotation.ProxyTransactionManagementConfiguration$$EnhancerBySpringCGLIB$$bfaa1178] is not eligible for getting processed by all BeanPostProcessors (for example: not eligible for auto-proxying)
2019-08-17 13:21:25.351  INFO 8466 --- [main] o.s.b.w.embedded.tomcat.TomcatWebServer  : Tomcat initialized with port(s): 8080 (http)
2019-08-17 13:21:25.383  INFO 8466 --- [main] o.apache.catalina.core.StandardService   : Starting service [Tomcat]
2019-08-17 13:21:25.383  INFO 8466 --- [main] org.apache.catalina.core.StandardEngine  : Starting Servlet engine: [Apache Tomcat/9.0.21]
2019-08-17 13:21:25.462  INFO 8466 --- [main] o.a.c.c.C.[Tomcat].[localhost].[/]       : Initializing Spring embedded WebApplicationContext
2019-08-17 13:21:25.463  INFO 8466 --- [main] o.s.web.context.ContextLoader            : Root WebApplicationContext: initialization completed in 1041 ms
2019-08-17 13:21:25.573  INFO 8466 --- [main] com.zaxxer.hikari.HikariDataSource       : HikariPool-1 - Starting...
2019-08-17 13:21:25.643  INFO 8466 --- [main] com.zaxxer.hikari.HikariDataSource       : HikariPool-1 - Start completed.
2019-08-17 13:21:25.669  INFO 8466 --- [main] o.hibernate.jpa.internal.util.LogHelper  : HHH000204: Processing PersistenceUnitInfo [
	name: default
	...]
2019-08-17 13:21:25.699  INFO 8466 --- [main] org.hibernate.Version                    : HHH000412: Hibernate Core {5.3.10.Final}
2019-08-17 13:21:25.700  INFO 8466 --- [main] org.hibernate.cfg.Environment            : HHH000206: hibernate.properties not found
2019-08-17 13:21:25.765  INFO 8466 --- [main] o.hibernate.annotations.common.Version   : HCANN000001: Hibernate Commons Annotations {5.0.4.Final}
2019-08-17 13:21:25.857  INFO 8466 --- [main] org.hibernate.dialect.Dialect            : HHH000400: Using dialect: org.hibernate.dialect.MySQL55Dialect
2019-08-17 13:21:26.265  INFO 8466 --- [main] j.LocalContainerEntityManagerFactoryBean : Initialized JPA EntityManagerFactory for persistence unit 'default'
2019-08-17 13:21:26.525  INFO 8466 --- [main] f.a.AutowiredAnnotationBeanPostProcessor : Autowired annotation is not supported on static fields: private static org.springframework.mail.SimpleMailMessage com.bridgelabz.fundoo.utility.Utility.simpleMailMessage
2019-08-17 13:21:26.671  WARN 8466 --- [main] aWebConfiguration$JpaWebMvcConfiguration : spring.jpa.open-in-view is enabled by default. Therefore, database queries may be performed during view rendering. Explicitly configure spring.jpa.open-in-view to disable this warning
2019-08-17 13:21:26.756  INFO 8466 --- [main] pertySourcedRequestMappingHandlerMapping : Mapped URL path [/v2/api-docs] onto method [public org.springframework.http.ResponseEntity<springfox.documentation.spring.web.json.Json> springfox.documentation.swagger2.web.Swagger2Controller.getDocumentation(java.lang.String,javax.servlet.http.HttpServletRequest)]
2019-08-17 13:21:26.847  INFO 8466 --- [main] o.s.s.concurrent.ThreadPoolTaskExecutor  : Initializing ExecutorService 'applicationTaskExecutor'
2019-08-17 13:21:26.967  INFO 8466 --- [main] d.s.w.p.DocumentationPluginsBootstrapper : Context refreshed
2019-08-17 13:21:26.977  INFO 8466 --- [main] d.s.w.p.DocumentationPluginsBootstrapper : Found 1 custom documentation plugin(s)
2019-08-17 13:21:26.994  INFO 8466 --- [main] s.d.s.w.s.ApiListingReferenceScanner     : Scanning for api listing references
2019-08-17 13:21:27.146  INFO 8466 --- [main] o.s.b.w.embedded.tomcat.TomcatWebServer  : Tomcat started on port(s): 8080 (http) with context path ''
2019-08-17 13:21:27.148  INFO 8466 --- [main] com.bridgelabz.fundoo.FundooApplication  : Started FundooApplication in 2.913 seconds (JVM running for 3.248)
2019-08-17 13:21:45.180  INFO 8466 --- [http-nio-8080-exec-1] o.a.c.c.C.[Tomcat].[localhost].[/]       : Initializing Spring DispatcherServlet 'dispatcherServlet'
2019-08-17 13:21:45.181  INFO 8466 --- [http-nio-8080-exec-1] o.s.web.servlet.DispatcherServlet        : Initializing Servlet 'dispatcherServlet'
2019-08-17 13:21:45.189  INFO 8466 --- [http-nio-8080-exec-1] o.s.web.servlet.DispatcherServlet        : Completed initialization in 8 ms
2019-08-17 13:23:31.528  INFO 8466 --- [http-nio-8080-exec-1] o.h.h.i.QueryTranslatorFactoryInitiator  : HHH000397: Using ASTQueryTranslatorFactory
2019-08-17 15:46:06.188  INFO 8466 --- [RMI TCP Connection(2)-127.0.0.1] inMXBeanRegistrar$SpringApplicationAdmin : Application shutdown requested.
2019-08-17 15:46:06.244  INFO 8466 --- [RMI TCP Connection(2)-127.0.0.1] o.s.s.concurrent.ThreadPoolTaskExecutor  : Shutting down ExecutorService 'applicationTaskExecutor'
2019-08-17 15:46:06.249  INFO 8466 --- [RMI TCP Connection(2)-127.0.0.1] j.LocalContainerEntityManagerFactoryBean : Closing JPA EntityManagerFactory for persistence unit 'default'
2019-08-17 15:46:06.281  INFO 8466 --- [RMI TCP Connection(2)-127.0.0.1] com.zaxxer.hikari.HikariDataSource       : HikariPool-1 - Shutdown initiated...
2019-08-17 15:46:06.342  INFO 8466 --- [RMI TCP Connection(2)-127.0.0.1] com.zaxxer.hikari.HikariDataSource       : HikariPool-1 - Shutdown completed.
2019-08-17 15:46:15.670  INFO 20305 --- [main] com.bridgelabz.fundoo.FundooApplication  : Starting FundooApplication on admin1-desktop with PID 20305 (/home/admin1/Documents/FundooAPI/target/classes started by admin1 in /home/admin1/Documents/FundooAPI)
2019-08-17 15:46:15.671  INFO 20305 --- [main] com.bridgelabz.fundoo.FundooApplication  : No active profile set, falling back to default profiles: default
2019-08-17 15:46:18.901  INFO 20305 --- [main] .s.d.r.c.RepositoryConfigurationDelegate : Bootstrapping Spring Data repositories in DEFAULT mode.
2019-08-17 15:46:19.044  INFO 20305 --- [main] .s.d.r.c.RepositoryConfigurationDelegate : Finished Spring Data repository scanning in 127ms. Found 3 repository interfaces.
2019-08-17 15:46:19.434  INFO 20305 --- [main] trationDelegate$BeanPostProcessorChecker : Bean 'org.springframework.transaction.annotation.ProxyTransactionManagementConfiguration' of type [org.springframework.transaction.annotation.ProxyTransactionManagementConfiguration$$EnhancerBySpringCGLIB$$8cf67600] is not eligible for getting processed by all BeanPostProcessors (for example: not eligible for auto-proxying)
2019-08-17 15:46:19.973  INFO 20305 --- [main] o.s.b.w.embedded.tomcat.TomcatWebServer  : Tomcat initialized with port(s): 8080 (http)
2019-08-17 15:46:20.038  INFO 20305 --- [main] o.apache.catalina.core.StandardService   : Starting service [Tomcat]
2019-08-17 15:46:20.038  INFO 20305 --- [main] org.apache.catalina.core.StandardEngine  : Starting Servlet engine: [Apache Tomcat/9.0.21]
2019-08-17 15:46:20.213  INFO 20305 --- [main] o.a.c.c.C.[Tomcat].[localhost].[/]       : Initializing Spring embedded WebApplicationContext
2019-08-17 15:46:20.213  INFO 20305 --- [main] o.s.web.context.ContextLoader            : Root WebApplicationContext: initialization completed in 4359 ms
2019-08-17 15:46:20.529  INFO 20305 --- [main] com.zaxxer.hikari.HikariDataSource       : HikariPool-1 - Starting...
2019-08-17 15:46:20.860  INFO 20305 --- [main] com.zaxxer.hikari.HikariDataSource       : HikariPool-1 - Start completed.
2019-08-17 15:46:20.996  INFO 20305 --- [main] o.hibernate.jpa.internal.util.LogHelper  : HHH000204: Processing PersistenceUnitInfo [
	name: default
	...]
2019-08-17 15:46:21.131  INFO 20305 --- [main] org.hibernate.Version                    : HHH000412: Hibernate Core {5.3.10.Final}
2019-08-17 15:46:21.132  INFO 20305 --- [main] org.hibernate.cfg.Environment            : HHH000206: hibernate.properties not found
2019-08-17 15:46:21.467  INFO 20305 --- [main] o.hibernate.annotations.common.Version   : HCANN000001: Hibernate Commons Annotations {5.0.4.Final}
2019-08-17 15:46:21.684  INFO 20305 --- [main] org.hibernate.dialect.Dialect            : HHH000400: Using dialect: org.hibernate.dialect.MySQL55Dialect
2019-08-17 15:46:22.667  INFO 20305 --- [main] j.LocalContainerEntityManagerFactoryBean : Initialized JPA EntityManagerFactory for persistence unit 'default'
2019-08-17 15:46:23.192  INFO 20305 --- [main] f.a.AutowiredAnnotationBeanPostProcessor : Autowired annotation is not supported on static fields: private static org.springframework.mail.SimpleMailMessage com.bridgelabz.fundoo.utility.Utility.simpleMailMessage
2019-08-17 15:46:23.784  WARN 20305 --- [main] aWebConfiguration$JpaWebMvcConfiguration : spring.jpa.open-in-view is enabled by default. Therefore, database queries may be performed during view rendering. Explicitly configure spring.jpa.open-in-view to disable this warning
2019-08-17 15:46:23.990  INFO 20305 --- [main] pertySourcedRequestMappingHandlerMapping : Mapped URL path [/v2/api-docs] onto method [public org.springframework.http.ResponseEntity<springfox.documentation.spring.web.json.Json> springfox.documentation.swagger2.web.Swagger2Controller.getDocumentation(java.lang.String,javax.servlet.http.HttpServletRequest)]
2019-08-17 15:46:24.157  INFO 20305 --- [main] o.s.s.concurrent.ThreadPoolTaskExecutor  : Initializing ExecutorService 'applicationTaskExecutor'
2019-08-17 15:46:24.338  INFO 20305 --- [main] d.s.w.p.DocumentationPluginsBootstrapper : Context refreshed
2019-08-17 15:46:24.363  INFO 20305 --- [main] d.s.w.p.DocumentationPluginsBootstrapper : Found 1 custom documentation plugin(s)
2019-08-17 15:46:24.383  INFO 20305 --- [main] s.d.s.w.s.ApiListingReferenceScanner     : Scanning for api listing references
2019-08-17 15:46:24.618  INFO 20305 --- [main] o.s.b.w.embedded.tomcat.TomcatWebServer  : Tomcat started on port(s): 8080 (http) with context path ''
2019-08-17 15:46:24.644  INFO 20305 --- [main] com.bridgelabz.fundoo.FundooApplication  : Started FundooApplication in 10.329 seconds (JVM running for 14.447)
2019-08-17 15:46:43.837  INFO 20305 --- [http-nio-8080-exec-1] o.a.c.c.C.[Tomcat].[localhost].[/]       : Initializing Spring DispatcherServlet 'dispatcherServlet'
2019-08-17 15:46:43.838  INFO 20305 --- [http-nio-8080-exec-1] o.s.web.servlet.DispatcherServlet        : Initializing Servlet 'dispatcherServlet'
2019-08-17 15:46:43.843  INFO 20305 --- [http-nio-8080-exec-1] o.s.web.servlet.DispatcherServlet        : Completed initialization in 5 ms
2019-08-17 15:49:03.206  INFO 20305 --- [http-nio-8080-exec-10] o.h.h.i.QueryTranslatorFactoryInitiator  : HHH000397: Using ASTQueryTranslatorFactory
2019-08-17 16:14:19.666  INFO 20305 --- [RMI TCP Connection(2)-127.0.0.1] inMXBeanRegistrar$SpringApplicationAdmin : Application shutdown requested.
2019-08-17 16:14:19.669  INFO 20305 --- [RMI TCP Connection(2)-127.0.0.1] o.s.s.concurrent.ThreadPoolTaskExecutor  : Shutting down ExecutorService 'applicationTaskExecutor'
2019-08-17 16:14:19.671  INFO 20305 --- [RMI TCP Connection(2)-127.0.0.1] j.LocalContainerEntityManagerFactoryBean : Closing JPA EntityManagerFactory for persistence unit 'default'
2019-08-17 16:14:19.673  INFO 20305 --- [RMI TCP Connection(2)-127.0.0.1] com.zaxxer.hikari.HikariDataSource       : HikariPool-1 - Shutdown initiated...
2019-08-17 16:14:19.676  INFO 20305 --- [RMI TCP Connection(2)-127.0.0.1] com.zaxxer.hikari.HikariDataSource       : HikariPool-1 - Shutdown completed.
2019-08-17 16:14:21.004  INFO 21097 --- [main] com.bridgelabz.fundoo.FundooApplication  : Starting FundooApplication on admin1-desktop with PID 21097 (/home/admin1/Documents/FundooAPI/target/classes started by admin1 in /home/admin1/Documents/FundooAPI)
2019-08-17 16:14:21.006  INFO 21097 --- [main] com.bridgelabz.fundoo.FundooApplication  : No active profile set, falling back to default profiles: default
2019-08-17 16:14:21.557  INFO 21097 --- [main] .s.d.r.c.RepositoryConfigurationDelegate : Bootstrapping Spring Data repositories in DEFAULT mode.
2019-08-17 16:14:21.596  INFO 21097 --- [main] .s.d.r.c.RepositoryConfigurationDelegate : Finished Spring Data repository scanning in 35ms. Found 3 repository interfaces.
2019-08-17 16:14:21.789  INFO 21097 --- [main] trationDelegate$BeanPostProcessorChecker : Bean 'org.springframework.transaction.annotation.ProxyTransactionManagementConfiguration' of type [org.springframework.transaction.annotation.ProxyTransactionManagementConfiguration$$EnhancerBySpringCGLIB$$6ebf0a73] is not eligible for getting processed by all BeanPostProcessors (for example: not eligible for auto-proxying)
2019-08-17 16:14:21.936  INFO 21097 --- [main] o.s.b.w.embedded.tomcat.TomcatWebServer  : Tomcat initialized with port(s): 8080 (http)
2019-08-17 16:14:21.952  INFO 21097 --- [main] o.apache.catalina.core.StandardService   : Starting service [Tomcat]
2019-08-17 16:14:21.952  INFO 21097 --- [main] org.apache.catalina.core.StandardEngine  : Starting Servlet engine: [Apache Tomcat/9.0.21]
2019-08-17 16:14:22.028  INFO 21097 --- [main] o.a.c.c.C.[Tomcat].[localhost].[/]       : Initializing Spring embedded WebApplicationContext
2019-08-17 16:14:22.028  INFO 21097 --- [main] o.s.web.context.ContextLoader            : Root WebApplicationContext: initialization completed in 1000 ms
2019-08-17 16:14:22.131  INFO 21097 --- [main] com.zaxxer.hikari.HikariDataSource       : HikariPool-1 - Starting...
2019-08-17 16:14:22.200  INFO 21097 --- [main] com.zaxxer.hikari.HikariDataSource       : HikariPool-1 - Start completed.
2019-08-17 16:14:22.226  INFO 21097 --- [main] o.hibernate.jpa.internal.util.LogHelper  : HHH000204: Processing PersistenceUnitInfo [
	name: default
	...]
2019-08-17 16:14:22.254  INFO 21097 --- [main] org.hibernate.Version                    : HHH000412: Hibernate Core {5.3.10.Final}
2019-08-17 16:14:22.255  INFO 21097 --- [main] org.hibernate.cfg.Environment            : HHH000206: hibernate.properties not found
2019-08-17 16:14:22.321  INFO 21097 --- [main] o.hibernate.annotations.common.Version   : HCANN000001: Hibernate Commons Annotations {5.0.4.Final}
2019-08-17 16:14:22.412  INFO 21097 --- [main] org.hibernate.dialect.Dialect            : HHH000400: Using dialect: org.hibernate.dialect.MySQL55Dialect
2019-08-17 16:14:22.833  INFO 21097 --- [main] j.LocalContainerEntityManagerFactoryBean : Initialized JPA EntityManagerFactory for persistence unit 'default'
2019-08-17 16:14:23.115  INFO 21097 --- [main] f.a.AutowiredAnnotationBeanPostProcessor : Autowired annotation is not supported on static fields: private static org.springframework.mail.SimpleMailMessage com.bridgelabz.fundoo.utility.Utility.simpleMailMessage
2019-08-17 16:14:23.253  WARN 21097 --- [main] aWebConfiguration$JpaWebMvcConfiguration : spring.jpa.open-in-view is enabled by default. Therefore, database queries may be performed during view rendering. Explicitly configure spring.jpa.open-in-view to disable this warning
2019-08-17 16:14:23.340  INFO 21097 --- [main] pertySourcedRequestMappingHandlerMapping : Mapped URL path [/v2/api-docs] onto method [public org.springframework.http.ResponseEntity<springfox.documentation.spring.web.json.Json> springfox.documentation.swagger2.web.Swagger2Controller.getDocumentation(java.lang.String,javax.servlet.http.HttpServletRequest)]
2019-08-17 16:14:23.433  INFO 21097 --- [main] o.s.s.concurrent.ThreadPoolTaskExecutor  : Initializing ExecutorService 'applicationTaskExecutor'
2019-08-17 16:14:23.555  INFO 21097 --- [main] d.s.w.p.DocumentationPluginsBootstrapper : Context refreshed
2019-08-17 16:14:23.565  INFO 21097 --- [main] d.s.w.p.DocumentationPluginsBootstrapper : Found 1 custom documentation plugin(s)
2019-08-17 16:14:23.582  INFO 21097 --- [main] s.d.s.w.s.ApiListingReferenceScanner     : Scanning for api listing references
2019-08-17 16:14:23.746  INFO 21097 --- [main] o.s.b.w.embedded.tomcat.TomcatWebServer  : Tomcat started on port(s): 8080 (http) with context path ''
2019-08-17 16:14:23.749  INFO 21097 --- [main] com.bridgelabz.fundoo.FundooApplication  : Started FundooApplication in 2.91 seconds (JVM running for 3.289)
2019-08-17 16:14:38.108  INFO 21097 --- [http-nio-8080-exec-1] o.a.c.c.C.[Tomcat].[localhost].[/]       : Initializing Spring DispatcherServlet 'dispatcherServlet'
2019-08-17 16:14:38.109  INFO 21097 --- [http-nio-8080-exec-1] o.s.web.servlet.DispatcherServlet        : Initializing Servlet 'dispatcherServlet'
2019-08-17 16:14:38.118  INFO 21097 --- [http-nio-8080-exec-1] o.s.web.servlet.DispatcherServlet        : Completed initialization in 9 ms
2019-08-17 16:14:38.259  INFO 21097 --- [http-nio-8080-exec-1] o.h.h.i.QueryTranslatorFactoryInitiator  : HHH000397: Using ASTQueryTranslatorFactory
2019-08-17 16:16:01.250  INFO 21097 --- [RMI TCP Connection(2)-127.0.0.1] inMXBeanRegistrar$SpringApplicationAdmin : Application shutdown requested.
2019-08-17 16:16:01.252  INFO 21097 --- [RMI TCP Connection(2)-127.0.0.1] o.s.s.concurrent.ThreadPoolTaskExecutor  : Shutting down ExecutorService 'applicationTaskExecutor'
2019-08-17 16:16:01.255  INFO 21097 --- [RMI TCP Connection(2)-127.0.0.1] j.LocalContainerEntityManagerFactoryBean : Closing JPA EntityManagerFactory for persistence unit 'default'
2019-08-17 16:16:01.257  INFO 21097 --- [RMI TCP Connection(2)-127.0.0.1] com.zaxxer.hikari.HikariDataSource       : HikariPool-1 - Shutdown initiated...
2019-08-17 16:16:01.261  INFO 21097 --- [RMI TCP Connection(2)-127.0.0.1] com.zaxxer.hikari.HikariDataSource       : HikariPool-1 - Shutdown completed.
2019-08-17 16:16:02.621  INFO 21214 --- [main] com.bridgelabz.fundoo.FundooApplication  : Starting FundooApplication on admin1-desktop with PID 21214 (/home/admin1/Documents/FundooAPI/target/classes started by admin1 in /home/admin1/Documents/FundooAPI)
2019-08-17 16:16:02.623  INFO 21214 --- [main] com.bridgelabz.fundoo.FundooApplication  : No active profile set, falling back to default profiles: default
2019-08-17 16:16:03.166  INFO 21214 --- [main] .s.d.r.c.RepositoryConfigurationDelegate : Bootstrapping Spring Data repositories in DEFAULT mode.
2019-08-17 16:16:03.205  INFO 21214 --- [main] .s.d.r.c.RepositoryConfigurationDelegate : Finished Spring Data repository scanning in 35ms. Found 3 repository interfaces.
2019-08-17 16:16:03.401  INFO 21214 --- [main] trationDelegate$BeanPostProcessorChecker : Bean 'org.springframework.transaction.annotation.ProxyTransactionManagementConfiguration' of type [org.springframework.transaction.annotation.ProxyTransactionManagementConfiguration$$EnhancerBySpringCGLIB$$e1a045c] is not eligible for getting processed by all BeanPostProcessors (for example: not eligible for auto-proxying)
2019-08-17 16:16:03.546  INFO 21214 --- [main] o.s.b.w.embedded.tomcat.TomcatWebServer  : Tomcat initialized with port(s): 8080 (http)
2019-08-17 16:16:03.561  INFO 21214 --- [main] o.apache.catalina.core.StandardService   : Starting service [Tomcat]
2019-08-17 16:16:03.562  INFO 21214 --- [main] org.apache.catalina.core.StandardEngine  : Starting Servlet engine: [Apache Tomcat/9.0.21]
2019-08-17 16:16:03.640  INFO 21214 --- [main] o.a.c.c.C.[Tomcat].[localhost].[/]       : Initializing Spring embedded WebApplicationContext
2019-08-17 16:16:03.640  INFO 21214 --- [main] o.s.web.context.ContextLoader            : Root WebApplicationContext: initialization completed in 993 ms
2019-08-17 16:16:03.754  INFO 21214 --- [main] com.zaxxer.hikari.HikariDataSource       : HikariPool-1 - Starting...
2019-08-17 16:16:03.831  INFO 21214 --- [main] com.zaxxer.hikari.HikariDataSource       : HikariPool-1 - Start completed.
2019-08-17 16:16:03.861  INFO 21214 --- [main] o.hibernate.jpa.internal.util.LogHelper  : HHH000204: Processing PersistenceUnitInfo [
	name: default
	...]
2019-08-17 16:16:03.893  INFO 21214 --- [main] org.hibernate.Version                    : HHH000412: Hibernate Core {5.3.10.Final}
2019-08-17 16:16:03.894  INFO 21214 --- [main] org.hibernate.cfg.Environment            : HHH000206: hibernate.properties not found
2019-08-17 16:16:03.964  INFO 21214 --- [main] o.hibernate.annotations.common.Version   : HCANN000001: Hibernate Commons Annotations {5.0.4.Final}
2019-08-17 16:16:04.058  INFO 21214 --- [main] org.hibernate.dialect.Dialect            : HHH000400: Using dialect: org.hibernate.dialect.MySQL55Dialect
2019-08-17 16:16:04.535  INFO 21214 --- [main] j.LocalContainerEntityManagerFactoryBean : Initialized JPA EntityManagerFactory for persistence unit 'default'
2019-08-17 16:16:04.820  INFO 21214 --- [main] f.a.AutowiredAnnotationBeanPostProcessor : Autowired annotation is not supported on static fields: private static org.springframework.mail.SimpleMailMessage com.bridgelabz.fundoo.utility.Utility.simpleMailMessage
2019-08-17 16:16:04.989  WARN 21214 --- [main] aWebConfiguration$JpaWebMvcConfiguration : spring.jpa.open-in-view is enabled by default. Therefore, database queries may be performed during view rendering. Explicitly configure spring.jpa.open-in-view to disable this warning
2019-08-17 16:16:05.101  INFO 21214 --- [main] pertySourcedRequestMappingHandlerMapping : Mapped URL path [/v2/api-docs] onto method [public org.springframework.http.ResponseEntity<springfox.documentation.spring.web.json.Json> springfox.documentation.swagger2.web.Swagger2Controller.getDocumentation(java.lang.String,javax.servlet.http.HttpServletRequest)]
2019-08-17 16:16:05.220  INFO 21214 --- [main] o.s.s.concurrent.ThreadPoolTaskExecutor  : Initializing ExecutorService 'applicationTaskExecutor'
2019-08-17 16:16:05.377  INFO 21214 --- [main] d.s.w.p.DocumentationPluginsBootstrapper : Context refreshed
2019-08-17 16:16:05.388  INFO 21214 --- [main] d.s.w.p.DocumentationPluginsBootstrapper : Found 1 custom documentation plugin(s)
2019-08-17 16:16:05.408  INFO 21214 --- [main] s.d.s.w.s.ApiListingReferenceScanner     : Scanning for api listing references
2019-08-17 16:16:05.603  INFO 21214 --- [main] o.s.b.w.embedded.tomcat.TomcatWebServer  : Tomcat started on port(s): 8080 (http) with context path ''
2019-08-17 16:16:05.606  INFO 21214 --- [main] com.bridgelabz.fundoo.FundooApplication  : Started FundooApplication in 3.15 seconds (JVM running for 3.54)
2019-08-17 16:16:12.865  INFO 21214 --- [http-nio-8080-exec-1] o.a.c.c.C.[Tomcat].[localhost].[/]       : Initializing Spring DispatcherServlet 'dispatcherServlet'
2019-08-17 16:16:12.866  INFO 21214 --- [http-nio-8080-exec-1] o.s.web.servlet.DispatcherServlet        : Initializing Servlet 'dispatcherServlet'
2019-08-17 16:16:12.871  INFO 21214 --- [http-nio-8080-exec-1] o.s.web.servlet.DispatcherServlet        : Completed initialization in 5 ms
2019-08-17 16:16:13.000  INFO 21214 --- [http-nio-8080-exec-1] o.h.h.i.QueryTranslatorFactoryInitiator  : HHH000397: Using ASTQueryTranslatorFactory
2019-08-17 16:19:42.698  INFO 21214 --- [RMI TCP Connection(2)-127.0.0.1] inMXBeanRegistrar$SpringApplicationAdmin : Application shutdown requested.
2019-08-17 16:19:42.700  INFO 21214 --- [RMI TCP Connection(2)-127.0.0.1] o.s.s.concurrent.ThreadPoolTaskExecutor  : Shutting down ExecutorService 'applicationTaskExecutor'
2019-08-17 16:19:42.702  INFO 21214 --- [RMI TCP Connection(2)-127.0.0.1] j.LocalContainerEntityManagerFactoryBean : Closing JPA EntityManagerFactory for persistence unit 'default'
2019-08-17 16:19:42.704  INFO 21214 --- [RMI TCP Connection(2)-127.0.0.1] com.zaxxer.hikari.HikariDataSource       : HikariPool-1 - Shutdown initiated...
2019-08-17 16:19:42.710  INFO 21214 --- [RMI TCP Connection(2)-127.0.0.1] com.zaxxer.hikari.HikariDataSource       : HikariPool-1 - Shutdown completed.
2019-08-17 16:19:44.023  INFO 21403 --- [main] com.bridgelabz.fundoo.FundooApplication  : Starting FundooApplication on admin1-desktop with PID 21403 (/home/admin1/Documents/FundooAPI/target/classes started by admin1 in /home/admin1/Documents/FundooAPI)
2019-08-17 16:19:44.025  INFO 21403 --- [main] com.bridgelabz.fundoo.FundooApplication  : No active profile set, falling back to default profiles: default
2019-08-17 16:19:44.692  INFO 21403 --- [main] .s.d.r.c.RepositoryConfigurationDelegate : Bootstrapping Spring Data repositories in DEFAULT mode.
2019-08-17 16:19:44.741  INFO 21403 --- [main] .s.d.r.c.RepositoryConfigurationDelegate : Finished Spring Data repository scanning in 45ms. Found 3 repository interfaces.
2019-08-17 16:19:44.958  INFO 21403 --- [main] trationDelegate$BeanPostProcessorChecker : Bean 'org.springframework.transaction.annotation.ProxyTransactionManagementConfiguration' of type [org.springframework.transaction.annotation.ProxyTransactionManagementConfiguration$$EnhancerBySpringCGLIB$$dbdb8f72] is not eligible for getting processed by all BeanPostProcessors (for example: not eligible for auto-proxying)
2019-08-17 16:19:45.111  INFO 21403 --- [main] o.s.b.w.embedded.tomcat.TomcatWebServer  : Tomcat initialized with port(s): 8080 (http)
2019-08-17 16:19:45.127  INFO 21403 --- [main] o.apache.catalina.core.StandardService   : Starting service [Tomcat]
2019-08-17 16:19:45.127  INFO 21403 --- [main] org.apache.catalina.core.StandardEngine  : Starting Servlet engine: [Apache Tomcat/9.0.21]
2019-08-17 16:19:45.203  INFO 21403 --- [main] o.a.c.c.C.[Tomcat].[localhost].[/]       : Initializing Spring embedded WebApplicationContext
2019-08-17 16:19:45.203  INFO 21403 --- [main] o.s.web.context.ContextLoader            : Root WebApplicationContext: initialization completed in 1154 ms
2019-08-17 16:19:45.309  INFO 21403 --- [main] com.zaxxer.hikari.HikariDataSource       : HikariPool-1 - Starting...
2019-08-17 16:19:45.377  INFO 21403 --- [main] com.zaxxer.hikari.HikariDataSource       : HikariPool-1 - Start completed.
2019-08-17 16:19:45.404  INFO 21403 --- [main] o.hibernate.jpa.internal.util.LogHelper  : HHH000204: Processing PersistenceUnitInfo [
	name: default
	...]
2019-08-17 16:19:45.433  INFO 21403 --- [main] org.hibernate.Version                    : HHH000412: Hibernate Core {5.3.10.Final}
2019-08-17 16:19:45.434  INFO 21403 --- [main] org.hibernate.cfg.Environment            : HHH000206: hibernate.properties not found
2019-08-17 16:19:45.500  INFO 21403 --- [main] o.hibernate.annotations.common.Version   : HCANN000001: Hibernate Commons Annotations {5.0.4.Final}
2019-08-17 16:19:45.591  INFO 21403 --- [main] org.hibernate.dialect.Dialect            : HHH000400: Using dialect: org.hibernate.dialect.MySQL55Dialect
2019-08-17 16:19:46.012  INFO 21403 --- [main] j.LocalContainerEntityManagerFactoryBean : Initialized JPA EntityManagerFactory for persistence unit 'default'
2019-08-17 16:19:46.257  INFO 21403 --- [main] f.a.AutowiredAnnotationBeanPostProcessor : Autowired annotation is not supported on static fields: private static org.springframework.mail.SimpleMailMessage com.bridgelabz.fundoo.utility.Utility.simpleMailMessage
2019-08-17 16:19:46.415  WARN 21403 --- [main] aWebConfiguration$JpaWebMvcConfiguration : spring.jpa.open-in-view is enabled by default. Therefore, database queries may be performed during view rendering. Explicitly configure spring.jpa.open-in-view to disable this warning
2019-08-17 16:19:46.500  INFO 21403 --- [main] pertySourcedRequestMappingHandlerMapping : Mapped URL path [/v2/api-docs] onto method [public org.springframework.http.ResponseEntity<springfox.documentation.spring.web.json.Json> springfox.documentation.swagger2.web.Swagger2Controller.getDocumentation(java.lang.String,javax.servlet.http.HttpServletRequest)]
2019-08-17 16:19:46.590  INFO 21403 --- [main] o.s.s.concurrent.ThreadPoolTaskExecutor  : Initializing ExecutorService 'applicationTaskExecutor'
2019-08-17 16:19:46.712  INFO 21403 --- [main] d.s.w.p.DocumentationPluginsBootstrapper : Context refreshed
2019-08-17 16:19:46.722  INFO 21403 --- [main] d.s.w.p.DocumentationPluginsBootstrapper : Found 1 custom documentation plugin(s)
2019-08-17 16:19:46.739  INFO 21403 --- [main] s.d.s.w.s.ApiListingReferenceScanner     : Scanning for api listing references
2019-08-17 16:19:46.891  INFO 21403 --- [main] o.s.b.w.embedded.tomcat.TomcatWebServer  : Tomcat started on port(s): 8080 (http) with context path ''
2019-08-17 16:19:46.893  INFO 21403 --- [main] com.bridgelabz.fundoo.FundooApplication  : Started FundooApplication in 3.054 seconds (JVM running for 3.4)
2019-08-17 16:20:14.825  INFO 21403 --- [RMI TCP Connection(2)-127.0.0.1] inMXBeanRegistrar$SpringApplicationAdmin : Application shutdown requested.
2019-08-17 16:20:14.828  INFO 21403 --- [RMI TCP Connection(2)-127.0.0.1] o.s.s.concurrent.ThreadPoolTaskExecutor  : Shutting down ExecutorService 'applicationTaskExecutor'
2019-08-17 16:20:14.831  INFO 21403 --- [RMI TCP Connection(2)-127.0.0.1] j.LocalContainerEntityManagerFactoryBean : Closing JPA EntityManagerFactory for persistence unit 'default'
2019-08-17 16:20:14.833  INFO 21403 --- [RMI TCP Connection(2)-127.0.0.1] com.zaxxer.hikari.HikariDataSource       : HikariPool-1 - Shutdown initiated...
2019-08-17 16:20:14.839  INFO 21403 --- [RMI TCP Connection(2)-127.0.0.1] com.zaxxer.hikari.HikariDataSource       : HikariPool-1 - Shutdown completed.
2019-08-17 16:20:16.169  INFO 21476 --- [main] com.bridgelabz.fundoo.FundooApplication  : Starting FundooApplication on admin1-desktop with PID 21476 (/home/admin1/Documents/FundooAPI/target/classes started by admin1 in /home/admin1/Documents/FundooAPI)
2019-08-17 16:20:16.171  INFO 21476 --- [main] com.bridgelabz.fundoo.FundooApplication  : No active profile set, falling back to default profiles: default
2019-08-17 16:20:16.826  INFO 21476 --- [main] .s.d.r.c.RepositoryConfigurationDelegate : Bootstrapping Spring Data repositories in DEFAULT mode.
2019-08-17 16:20:16.875  INFO 21476 --- [main] .s.d.r.c.RepositoryConfigurationDelegate : Finished Spring Data repository scanning in 44ms. Found 3 repository interfaces.
2019-08-17 16:20:17.082  INFO 21476 --- [main] trationDelegate$BeanPostProcessorChecker : Bean 'org.springframework.transaction.annotation.ProxyTransactionManagementConfiguration' of type [org.springframework.transaction.annotation.ProxyTransactionManagementConfiguration$$EnhancerBySpringCGLIB$$5b901538] is not eligible for getting processed by all BeanPostProcessors (for example: not eligible for auto-proxying)
2019-08-17 16:20:17.227  INFO 21476 --- [main] o.s.b.w.embedded.tomcat.TomcatWebServer  : Tomcat initialized with port(s): 8080 (http)
2019-08-17 16:20:17.243  INFO 21476 --- [main] o.apache.catalina.core.StandardService   : Starting service [Tomcat]
2019-08-17 16:20:17.243  INFO 21476 --- [main] org.apache.catalina.core.StandardEngine  : Starting Servlet engine: [Apache Tomcat/9.0.21]
2019-08-17 16:20:17.325  INFO 21476 --- [main] o.a.c.c.C.[Tomcat].[localhost].[/]       : Initializing Spring embedded WebApplicationContext
2019-08-17 16:20:17.325  INFO 21476 --- [main] o.s.web.context.ContextLoader            : Root WebApplicationContext: initialization completed in 1126 ms
2019-08-17 16:20:17.442  INFO 21476 --- [main] com.zaxxer.hikari.HikariDataSource       : HikariPool-1 - Starting...
2019-08-17 16:20:17.511  INFO 21476 --- [main] com.zaxxer.hikari.HikariDataSource       : HikariPool-1 - Start completed.
2019-08-17 16:20:17.538  INFO 21476 --- [main] o.hibernate.jpa.internal.util.LogHelper  : HHH000204: Processing PersistenceUnitInfo [
	name: default
	...]
2019-08-17 16:20:17.568  INFO 21476 --- [main] org.hibernate.Version                    : HHH000412: Hibernate Core {5.3.10.Final}
2019-08-17 16:20:17.569  INFO 21476 --- [main] org.hibernate.cfg.Environment            : HHH000206: hibernate.properties not found
2019-08-17 16:20:17.657  INFO 21476 --- [main] o.hibernate.annotations.common.Version   : HCANN000001: Hibernate Commons Annotations {5.0.4.Final}
2019-08-17 16:20:17.730  INFO 21476 --- [main] org.hibernate.dialect.Dialect            : HHH000400: Using dialect: org.hibernate.dialect.MySQL55Dialect
2019-08-17 16:20:18.140  INFO 21476 --- [main] j.LocalContainerEntityManagerFactoryBean : Initialized JPA EntityManagerFactory for persistence unit 'default'
2019-08-17 16:20:18.420  INFO 21476 --- [main] f.a.AutowiredAnnotationBeanPostProcessor : Autowired annotation is not supported on static fields: private static org.springframework.mail.SimpleMailMessage com.bridgelabz.fundoo.utility.Utility.simpleMailMessage
2019-08-17 16:20:18.554  WARN 21476 --- [main] aWebConfiguration$JpaWebMvcConfiguration : spring.jpa.open-in-view is enabled by default. Therefore, database queries may be performed during view rendering. Explicitly configure spring.jpa.open-in-view to disable this warning
2019-08-17 16:20:18.646  INFO 21476 --- [main] pertySourcedRequestMappingHandlerMapping : Mapped URL path [/v2/api-docs] onto method [public org.springframework.http.ResponseEntity<springfox.documentation.spring.web.json.Json> springfox.documentation.swagger2.web.Swagger2Controller.getDocumentation(java.lang.String,javax.servlet.http.HttpServletRequest)]
2019-08-17 16:20:18.739  INFO 21476 --- [main] o.s.s.concurrent.ThreadPoolTaskExecutor  : Initializing ExecutorService 'applicationTaskExecutor'
2019-08-17 16:20:18.863  INFO 21476 --- [main] d.s.w.p.DocumentationPluginsBootstrapper : Context refreshed
2019-08-17 16:20:18.872  INFO 21476 --- [main] d.s.w.p.DocumentationPluginsBootstrapper : Found 1 custom documentation plugin(s)
2019-08-17 16:20:18.890  INFO 21476 --- [main] s.d.s.w.s.ApiListingReferenceScanner     : Scanning for api listing references
2019-08-17 16:20:19.041  INFO 21476 --- [main] o.s.b.w.embedded.tomcat.TomcatWebServer  : Tomcat started on port(s): 8080 (http) with context path ''
2019-08-17 16:20:19.044  INFO 21476 --- [main] com.bridgelabz.fundoo.FundooApplication  : Started FundooApplication in 3.078 seconds (JVM running for 3.428)
2019-08-17 16:20:30.106  INFO 21476 --- [http-nio-8080-exec-1] o.a.c.c.C.[Tomcat].[localhost].[/]       : Initializing Spring DispatcherServlet 'dispatcherServlet'
2019-08-17 16:20:30.107  INFO 21476 --- [http-nio-8080-exec-1] o.s.web.servlet.DispatcherServlet        : Initializing Servlet 'dispatcherServlet'
2019-08-17 16:20:30.113  INFO 21476 --- [http-nio-8080-exec-1] o.s.web.servlet.DispatcherServlet        : Completed initialization in 6 ms
2019-08-17 16:21:16.072  INFO 21476 --- [http-nio-8080-exec-9] o.h.h.i.QueryTranslatorFactoryInitiator  : HHH000397: Using ASTQueryTranslatorFactory
2019-08-17 16:22:57.386  INFO 21476 --- [RMI TCP Connection(2)-127.0.0.1] inMXBeanRegistrar$SpringApplicationAdmin : Application shutdown requested.
2019-08-17 16:22:57.389  INFO 21476 --- [RMI TCP Connection(2)-127.0.0.1] o.s.s.concurrent.ThreadPoolTaskExecutor  : Shutting down ExecutorService 'applicationTaskExecutor'
2019-08-17 16:22:57.391  INFO 21476 --- [RMI TCP Connection(2)-127.0.0.1] j.LocalContainerEntityManagerFactoryBean : Closing JPA EntityManagerFactory for persistence unit 'default'
2019-08-17 16:22:57.393  INFO 21476 --- [RMI TCP Connection(2)-127.0.0.1] com.zaxxer.hikari.HikariDataSource       : HikariPool-1 - Shutdown initiated...
2019-08-17 16:22:57.397  INFO 21476 --- [RMI TCP Connection(2)-127.0.0.1] com.zaxxer.hikari.HikariDataSource       : HikariPool-1 - Shutdown completed.
2019-08-17 16:22:58.757  INFO 21593 --- [main] com.bridgelabz.fundoo.FundooApplication  : Starting FundooApplication on admin1-desktop with PID 21593 (/home/admin1/Documents/FundooAPI/target/classes started by admin1 in /home/admin1/Documents/FundooAPI)
2019-08-17 16:22:58.759  INFO 21593 --- [main] com.bridgelabz.fundoo.FundooApplication  : No active profile set, falling back to default profiles: default
2019-08-17 16:22:59.303  INFO 21593 --- [main] .s.d.r.c.RepositoryConfigurationDelegate : Bootstrapping Spring Data repositories in DEFAULT mode.
2019-08-17 16:22:59.343  INFO 21593 --- [main] .s.d.r.c.RepositoryConfigurationDelegate : Finished Spring Data repository scanning in 37ms. Found 3 repository interfaces.
2019-08-17 16:22:59.534  INFO 21593 --- [main] trationDelegate$BeanPostProcessorChecker : Bean 'org.springframework.transaction.annotation.ProxyTransactionManagementConfiguration' of type [org.springframework.transaction.annotation.ProxyTransactionManagementConfiguration$$EnhancerBySpringCGLIB$$d4156aaf] is not eligible for getting processed by all BeanPostProcessors (for example: not eligible for auto-proxying)
2019-08-17 16:22:59.683  INFO 21593 --- [main] o.s.b.w.embedded.tomcat.TomcatWebServer  : Tomcat initialized with port(s): 8080 (http)
2019-08-17 16:22:59.699  INFO 21593 --- [main] o.apache.catalina.core.StandardService   : Starting service [Tomcat]
2019-08-17 16:22:59.699  INFO 21593 --- [main] org.apache.catalina.core.StandardEngine  : Starting Servlet engine: [Apache Tomcat/9.0.21]
2019-08-17 16:22:59.779  INFO 21593 --- [main] o.a.c.c.C.[Tomcat].[localhost].[/]       : Initializing Spring embedded WebApplicationContext
2019-08-17 16:22:59.780  INFO 21593 --- [main] o.s.web.context.ContextLoader            : Root WebApplicationContext: initialization completed in 1000 ms
2019-08-17 16:22:59.896  INFO 21593 --- [main] com.zaxxer.hikari.HikariDataSource       : HikariPool-1 - Starting...
2019-08-17 16:22:59.965  INFO 21593 --- [main] com.zaxxer.hikari.HikariDataSource       : HikariPool-1 - Start completed.
2019-08-17 16:22:59.992  INFO 21593 --- [main] o.hibernate.jpa.internal.util.LogHelper  : HHH000204: Processing PersistenceUnitInfo [
	name: default
	...]
2019-08-17 16:23:00.023  INFO 21593 --- [main] org.hibernate.Version                    : HHH000412: Hibernate Core {5.3.10.Final}
2019-08-17 16:23:00.024  INFO 21593 --- [main] org.hibernate.cfg.Environment            : HHH000206: hibernate.properties not found
2019-08-17 16:23:00.092  INFO 21593 --- [main] o.hibernate.annotations.common.Version   : HCANN000001: Hibernate Commons Annotations {5.0.4.Final}
2019-08-17 16:23:00.184  INFO 21593 --- [main] org.hibernate.dialect.Dialect            : HHH000400: Using dialect: org.hibernate.dialect.MySQL55Dialect
2019-08-17 16:23:00.613  INFO 21593 --- [main] j.LocalContainerEntityManagerFactoryBean : Initialized JPA EntityManagerFactory for persistence unit 'default'
2019-08-17 16:23:00.897  INFO 21593 --- [main] f.a.AutowiredAnnotationBeanPostProcessor : Autowired annotation is not supported on static fields: private static org.springframework.mail.SimpleMailMessage com.bridgelabz.fundoo.utility.Utility.simpleMailMessage
2019-08-17 16:23:01.032  WARN 21593 --- [main] aWebConfiguration$JpaWebMvcConfiguration : spring.jpa.open-in-view is enabled by default. Therefore, database queries may be performed during view rendering. Explicitly configure spring.jpa.open-in-view to disable this warning
2019-08-17 16:23:01.121  INFO 21593 --- [main] pertySourcedRequestMappingHandlerMapping : Mapped URL path [/v2/api-docs] onto method [public org.springframework.http.ResponseEntity<springfox.documentation.spring.web.json.Json> springfox.documentation.swagger2.web.Swagger2Controller.getDocumentation(java.lang.String,javax.servlet.http.HttpServletRequest)]
2019-08-17 16:23:01.214  INFO 21593 --- [main] o.s.s.concurrent.ThreadPoolTaskExecutor  : Initializing ExecutorService 'applicationTaskExecutor'
2019-08-17 16:23:01.340  INFO 21593 --- [main] d.s.w.p.DocumentationPluginsBootstrapper : Context refreshed
2019-08-17 16:23:01.351  INFO 21593 --- [main] d.s.w.p.DocumentationPluginsBootstrapper : Found 1 custom documentation plugin(s)
2019-08-17 16:23:01.369  INFO 21593 --- [main] s.d.s.w.s.ApiListingReferenceScanner     : Scanning for api listing references
2019-08-17 16:23:01.519  INFO 21593 --- [main] o.s.b.w.embedded.tomcat.TomcatWebServer  : Tomcat started on port(s): 8080 (http) with context path ''
2019-08-17 16:23:01.521  INFO 21593 --- [main] com.bridgelabz.fundoo.FundooApplication  : Started FundooApplication in 2.929 seconds (JVM running for 3.317)
2019-08-17 16:23:08.793  INFO 21593 --- [http-nio-8080-exec-1] o.a.c.c.C.[Tomcat].[localhost].[/]       : Initializing Spring DispatcherServlet 'dispatcherServlet'
2019-08-17 16:23:08.794  INFO 21593 --- [http-nio-8080-exec-1] o.s.web.servlet.DispatcherServlet        : Initializing Servlet 'dispatcherServlet'
2019-08-17 16:23:08.800  INFO 21593 --- [http-nio-8080-exec-1] o.s.web.servlet.DispatcherServlet        : Completed initialization in 6 ms
2019-08-17 16:23:08.927  INFO 21593 --- [http-nio-8080-exec-1] o.h.h.i.QueryTranslatorFactoryInitiator  : HHH000397: Using ASTQueryTranslatorFactory
2019-08-17 16:25:45.084  INFO 21593 --- [RMI TCP Connection(2)-127.0.0.1] inMXBeanRegistrar$SpringApplicationAdmin : Application shutdown requested.
2019-08-17 16:25:45.087  INFO 21593 --- [RMI TCP Connection(2)-127.0.0.1] o.s.s.concurrent.ThreadPoolTaskExecutor  : Shutting down ExecutorService 'applicationTaskExecutor'
2019-08-17 16:25:45.090  INFO 21593 --- [RMI TCP Connection(2)-127.0.0.1] j.LocalContainerEntityManagerFactoryBean : Closing JPA EntityManagerFactory for persistence unit 'default'
2019-08-17 16:25:45.092  INFO 21593 --- [RMI TCP Connection(2)-127.0.0.1] com.zaxxer.hikari.HikariDataSource       : HikariPool-1 - Shutdown initiated...
2019-08-17 16:25:45.099  INFO 21593 --- [RMI TCP Connection(2)-127.0.0.1] com.zaxxer.hikari.HikariDataSource       : HikariPool-1 - Shutdown completed.
2019-08-17 16:25:46.469  INFO 21734 --- [main] com.bridgelabz.fundoo.FundooApplication  : Starting FundooApplication on admin1-desktop with PID 21734 (/home/admin1/Documents/FundooAPI/target/classes started by admin1 in /home/admin1/Documents/FundooAPI)
2019-08-17 16:25:46.471  INFO 21734 --- [main] com.bridgelabz.fundoo.FundooApplication  : No active profile set, falling back to default profiles: default
2019-08-17 16:25:47.023  INFO 21734 --- [main] .s.d.r.c.RepositoryConfigurationDelegate : Bootstrapping Spring Data repositories in DEFAULT mode.
2019-08-17 16:25:47.065  INFO 21734 --- [main] .s.d.r.c.RepositoryConfigurationDelegate : Finished Spring Data repository scanning in 38ms. Found 3 repository interfaces.
2019-08-17 16:25:47.261  INFO 21734 --- [main] trationDelegate$BeanPostProcessorChecker : Bean 'org.springframework.transaction.annotation.ProxyTransactionManagementConfiguration' of type [org.springframework.transaction.annotation.ProxyTransactionManagementConfiguration$$EnhancerBySpringCGLIB$$158cce34] is not eligible for getting processed by all BeanPostProcessors (for example: not eligible for auto-proxying)
2019-08-17 16:25:47.406  INFO 21734 --- [main] o.s.b.w.embedded.tomcat.TomcatWebServer  : Tomcat initialized with port(s): 8080 (http)
2019-08-17 16:25:47.423  INFO 21734 --- [main] o.apache.catalina.core.StandardService   : Starting service [Tomcat]
2019-08-17 16:25:47.424  INFO 21734 --- [main] org.apache.catalina.core.StandardEngine  : Starting Servlet engine: [Apache Tomcat/9.0.21]
2019-08-17 16:25:47.523  INFO 21734 --- [main] o.a.c.c.C.[Tomcat].[localhost].[/]       : Initializing Spring embedded WebApplicationContext
2019-08-17 16:25:47.523  INFO 21734 --- [main] o.s.web.context.ContextLoader            : Root WebApplicationContext: initialization completed in 1029 ms
2019-08-17 16:25:47.643  INFO 21734 --- [main] com.zaxxer.hikari.HikariDataSource       : HikariPool-1 - Starting...
2019-08-17 16:25:47.721  INFO 21734 --- [main] com.zaxxer.hikari.HikariDataSource       : HikariPool-1 - Start completed.
2019-08-17 16:25:47.753  INFO 21734 --- [main] o.hibernate.jpa.internal.util.LogHelper  : HHH000204: Processing PersistenceUnitInfo [
	name: default
	...]
2019-08-17 16:25:47.785  INFO 21734 --- [main] org.hibernate.Version                    : HHH000412: Hibernate Core {5.3.10.Final}
2019-08-17 16:25:47.786  INFO 21734 --- [main] org.hibernate.cfg.Environment            : HHH000206: hibernate.properties not found
2019-08-17 16:25:47.865  INFO 21734 --- [main] o.hibernate.annotations.common.Version   : HCANN000001: Hibernate Commons Annotations {5.0.4.Final}
2019-08-17 16:25:47.975  INFO 21734 --- [main] org.hibernate.dialect.Dialect            : HHH000400: Using dialect: org.hibernate.dialect.MySQL55Dialect
2019-08-17 16:25:48.447  INFO 21734 --- [main] j.LocalContainerEntityManagerFactoryBean : Initialized JPA EntityManagerFactory for persistence unit 'default'
2019-08-17 16:25:48.731  INFO 21734 --- [main] f.a.AutowiredAnnotationBeanPostProcessor : Autowired annotation is not supported on static fields: private static org.springframework.mail.SimpleMailMessage com.bridgelabz.fundoo.utility.Utility.simpleMailMessage
2019-08-17 16:25:48.874  WARN 21734 --- [main] aWebConfiguration$JpaWebMvcConfiguration : spring.jpa.open-in-view is enabled by default. Therefore, database queries may be performed during view rendering. Explicitly configure spring.jpa.open-in-view to disable this warning
2019-08-17 16:25:48.965  INFO 21734 --- [main] pertySourcedRequestMappingHandlerMapping : Mapped URL path [/v2/api-docs] onto method [public org.springframework.http.ResponseEntity<springfox.documentation.spring.web.json.Json> springfox.documentation.swagger2.web.Swagger2Controller.getDocumentation(java.lang.String,javax.servlet.http.HttpServletRequest)]
2019-08-17 16:25:49.054  INFO 21734 --- [main] o.s.s.concurrent.ThreadPoolTaskExecutor  : Initializing ExecutorService 'applicationTaskExecutor'
2019-08-17 16:25:49.172  INFO 21734 --- [main] d.s.w.p.DocumentationPluginsBootstrapper : Context refreshed
2019-08-17 16:25:49.182  INFO 21734 --- [main] d.s.w.p.DocumentationPluginsBootstrapper : Found 1 custom documentation plugin(s)
2019-08-17 16:25:49.199  INFO 21734 --- [main] s.d.s.w.s.ApiListingReferenceScanner     : Scanning for api listing references
2019-08-17 16:25:49.346  INFO 21734 --- [main] o.s.b.w.embedded.tomcat.TomcatWebServer  : Tomcat started on port(s): 8080 (http) with context path ''
2019-08-17 16:25:49.349  INFO 21734 --- [main] com.bridgelabz.fundoo.FundooApplication  : Started FundooApplication in 3.05 seconds (JVM running for 3.428)
2019-08-17 16:25:56.075  INFO 21734 --- [http-nio-8080-exec-1] o.a.c.c.C.[Tomcat].[localhost].[/]       : Initializing Spring DispatcherServlet 'dispatcherServlet'
2019-08-17 16:25:56.076  INFO 21734 --- [http-nio-8080-exec-1] o.s.web.servlet.DispatcherServlet        : Initializing Servlet 'dispatcherServlet'
2019-08-17 16:25:56.081  INFO 21734 --- [http-nio-8080-exec-1] o.s.web.servlet.DispatcherServlet        : Completed initialization in 5 ms
2019-08-17 16:25:56.198  INFO 21734 --- [http-nio-8080-exec-1] o.h.h.i.QueryTranslatorFactoryInitiator  : HHH000397: Using ASTQueryTranslatorFactory
